<?xml version="1.0" encoding="UTF-8"?>
<testng-results ignored="0" total="1" passed="1" failed="0" skipped="0">
  <reporter-output>
  </reporter-output>
  <suite started-at="2024-08-22T13:54:34 IST" name="Default suite" finished-at="2024-08-22T13:54:37 IST" duration-ms="2801">
    <groups>
    </groups>
    <test started-at="2024-08-22T13:54:34 IST" name="Default test" finished-at="2024-08-22T13:54:37 IST" duration-ms="2801">
      <class name="Test.BrowserTest">
        <test-method signature="Hello()[pri:0, instance:Test.BrowserTest@942a29c]" started-at="2024-08-22T13:54:34 IST" name="Hello" finished-at="2024-08-22T13:54:37 IST" duration-ms="2745" status="PASS">
          <reporter-output>
          </reporter-output>
        </test-method> <!-- Hello -->
      </class> <!-- Test.BrowserTest -->
    </test> <!-- Default test -->
  </suite> <!-- Default suite -->
</testng-results>
